3935 Q86T26 P04629 P04637 Q14258 P38398 P05412 P0CG48 P27824
3935 Q86T26 Q13618 P04637 Q14258 P38398 P05412 P0CG48 P27824
3935 Q8IUH5 P04629 Q14258 P04637 P38398 P05412 P0CG48 Q13573
3935 Q8IUH5 Q13618 Q14258 P04637 P38398 P05412 P0CG48 Q13573
9281 Q13618 P04637 P30084 Q14258 P05412 P04629 P0CG48 P63104
9281 Q13618 P04637 P30084 Q14258 P38398 P04629 P0CG48 P63104
7904 Q9BXF6 P04637 Q13618 P04629 P05412 P0CG48 Q14258 O14980
7904 Q9BXF6 P04637 Q13618 P04629 P38398 P0CG48 Q14258 O14980
7292 P04629 Q15811 P04637 P38398 P05412 Q14258 P0CG48 P68104
7292 Q13618 Q15811 P04637 P38398 P05412 Q14258 P0CG48 P68104
9281 Q13618 P04637 P25788 Q14258 P05412 P04629 P63104 P0CG48
9281 Q13618 P04637 P25788 Q14258 P38398 P04629 P63104 P0CG48
2766 Q14565 P04637 Q14258 Q13618 P04629 P05412 P0CG48 P25788
2766 Q14565 P04637 Q14258 Q13618 P04629 P38398 P0CG48 P25788
2765 Q9BQQ3 Q14258 P04637 Q13618 P04629 P05412 P0CG48 P24941
3935 Q9BQQ3 P04629 Q14258 P04637 P05412 P38398 P0CG48 P24941
2638 Q9BQQ3 Q14258 P04637 Q13618 P04629 P05412 P38398 P24941
2767 Q9BQQ3 Q14258 P04637 Q13618 P04629 P38398 P0CG48 P24941
3781 Q13618 Q9BQQ3 Q14258 P04637 P05412 P38398 P24941 P0CG48
2766 Q9P1A6 Q14258 P04637 Q13618 P04629 P05412 P0CG48 P12931
2766 Q9P1A6 Q14258 P04637 Q13618 P04629 P38398 P0CG48 P12931
8951 P04629 Q14258 P78406 P04637 P38398 P05412 Q13618 P0CG48
9563 Q14258 P04629 P04637 P78406 Q13618 P05412 P63104 P0CG48
9146 P04629 P78406 Q14258 P38398 P04637 P05412 P63104 P0CG48
11614 Q13618 Q14258 P04637 P38398 P05412 P78406 P63104 P0CG48
8936 P04629 Q14258 P78406 P04637 P38398 P05412 Q13618 P63104
9281 P04629 Q14258 P78406 P04637 P38398 Q13618 P63104 P0CG48
9563 Q14258 Q13618 P04637 Q04206 P04629 P05412 P63104 P0CG48
9563 Q14258 Q13618 P04637 Q04206 P04629 P38398 P63104 P0CG48
2768 Q9Y6G5 Q14258 P04637 Q13618 P04629 P05412 P0CG48 Q04206
2768 Q9Y6G5 Q14258 P04637 Q13618 P04629 P38398 P0CG48 Q04206
2767 O75052 P04637 Q14258 P04629 Q13618 P05412 P0CG48 P05067
3781 P04629 O75052 P04637 Q14258 P38398 P05412 P05067 P0CG48
3935 O75052 Q13618 P04637 Q14258 P38398 P05412 P0CG48 P05067
2638 O75052 P04637 Q14258 P04629 Q13618 P38398 P05412 P05067
2765 O75052 P04637 Q14258 P04629 Q13618 P38398 P0CG48 P05067
8951 P04629 P04637 Q96CW1 Q14258 P38398 P05412 Q13618 P0CG48
9563 P04637 P04629 Q14258 Q96CW1 Q13618 P05412 P63104 P0CG48
9146 P04629 Q96CW1 P04637 P38398 Q14258 P05412 P63104 P0CG48
11614 Q13618 P04637 Q14258 P38398 P05412 Q96CW1 P63104 P0CG48
8936 P04629 P04637 Q96CW1 Q14258 P38398 P05412 Q13618 P63104
9281 P04629 P04637 Q96CW1 Q14258 P38398 Q13618 P63104 P0CG48
8936 Q13618 P04637 P08758 Q14258 P05412 P38398 P04629 P0CG48
8936 Q13618 P04637 P08758 Q14258 P05412 P38398 P04629 P63104
9563 Q14258 Q13618 P04637 P68400 P04629 P05412 P63104 P0CG48
9563 Q14258 Q13618 P04637 P68400 P04629 P38398 P63104 P0CG48
2765 Q14493 Q14258 P04637 Q13618 P04629 P05412 P0CG48 P24941
3935 Q14493 P04629 Q14258 P04637 P05412 P38398 P0CG48 P24941
2638 Q14493 Q14258 P04637 Q13618 P04629 P05412 P38398 P24941
2767 Q14493 Q14258 P04637 Q13618 P04629 P38398 P0CG48 P24941
3781 Q13618 Q14493 Q14258 P04637 P05412 P38398 P24941 P0CG48
7904 O95271 P04637 Q13618 P04629 P05412 P0CG48 Q14258 O14980
7904 O95271 P04637 Q13618 P04629 P38398 P0CG48 Q14258 O14980
2767 Q9NUX5 Q14258 P04637 P04629 Q13618 P05412 P0CG48 P60709
3781 P04629 Q9NUX5 Q14258 P04637 P38398 P05412 P60709 P0CG48
3935 Q9NUX5 Q13618 Q14258 P04637 P38398 P05412 P0CG48 P60709
2638 Q9NUX5 Q14258 P04637 P04629 Q13618 P38398 P05412 P60709
2765 Q9NUX5 Q14258 P04637 P04629 Q13618 P38398 P0CG48 P60709
2768 Q96A72 P04637 Q14258 Q13618 P04629 P05412 P0CG48 P49736
2768 Q96A72 P04637 Q14258 Q13618 P04629 P38398 P0CG48 P49736
2765 Q96A72 Q14258 P04637 Q13618 P04629 P05412 P0CG48 P24941
3935 Q96A72 P04629 Q14258 P04637 P05412 P38398 P0CG48 P24941
2638 Q96A72 Q14258 P04637 Q13618 P04629 P05412 P38398 P24941
2767 Q96A72 Q14258 P04637 Q13618 P04629 P38398 P0CG48 P24941
3781 Q13618 Q96A72 Q14258 P04637 P05412 P38398 P24941 P0CG48
8936 P04629 P04637 Q9NVX2 Q14258 P38398 P05412 Q13618 P0CG48
8936 P04629 P04637 Q9NVX2 Q14258 P38398 P05412 Q13618 P63104
3781 P04629 Q96SN8 P04637 Q14258 P05412 P38398 Q15022 P0CG48
3781 Q13618 Q96SN8 P04637 Q14258 P05412 P38398 Q15022 P0CG48
3781 P04629 Q96SN8 P04637 Q14258 P05412 P38398 Q15022 P63104
2767 P09629 P04637 Q14258 P04629 Q13618 P05412 P0CG48 P05067
3781 P04629 P09629 P04637 Q14258 P38398 P05412 P05067 P0CG48
3935 P09629 Q13618 P04637 Q14258 P38398 P05412 P0CG48 P05067
2638 P09629 P04637 Q14258 P04629 Q13618 P38398 P05412 P05067
2765 P09629 P04637 Q14258 P04629 Q13618 P38398 P0CG48 P05067
2768 P09629 Q14258 P04637 Q13618 P04629 P05412 P0CG48 P68400
2768 P09629 Q14258 P04637 Q13618 P04629 P38398 P0CG48 P68400
8936 Q13618 Q14258 Q01105 P04637 P38398 P05412 P04629 P0CG48
9563 Q14258 Q13618 P04637 Q01105 P04629 P05412 P0CG48 P63104
11614 P04629 Q14258 P04637 P38398 P05412 Q01105 P0CG48 P63104
8951 Q13618 Q14258 Q01105 P04637 P38398 P05412 P04629 P63104
9146 Q13618 Q01105 Q14258 P38398 P04637 P05412 P0CG48 P63104
9281 Q13618 Q14258 Q01105 P04637 P38398 P04629 P0CG48 P63104
4705 Q13618 P04637 Q16851 Q14258 P49736 P05412 P04629 P0CG48
4705 Q13618 P04637 Q16851 Q14258 P49736 P38398 P04629 P0CG48
11614 P04629 Q14258 P04637 P38398 P05412 Q7L5N1 P63104 P0CG48
11614 Q13618 Q14258 P04637 P38398 P05412 Q7L5N1 P63104 P0CG48
8936 P04629 P04637 Q9Y6M1 Q14258 P38398 P05412 Q13618 P0CG48
8936 P04629 P04637 Q9Y6M1 Q14258 P38398 P05412 Q13618 P63104
2767 Q9P0N5 P04637 Q14258 P04629 Q13618 P05412 P0CG48 P05067
3781 P04629 Q9P0N5 P04637 Q14258 P38398 P05412 P05067 P0CG48
3935 Q9P0N5 Q13618 P04637 Q14258 P38398 P05412 P0CG48 P05067
2638 Q9P0N5 P04637 Q14258 P04629 Q13618 P38398 P05412 P05067
2765 Q9P0N5 P04637 Q14258 P04629 Q13618 P38398 P0CG48 P05067
3936 P13727 P04629 Q14258 P04637 P38398 P05412 P0CG48 Q71U36
3936 P13727 Q13618 Q14258 P04637 P38398 P05412 P0CG48 Q71U36
2768 Q12946 Q14258 P04637 P04629 Q13618 P05412 P0CG48 O14965
2768 Q12946 Q14258 P04637 P04629 Q13618 P38398 P0CG48 O14965
2766 P08887 Q14258 P04637 Q13618 P04629 P05412 P0CG48 P12931
2766 P08887 Q14258 P04637 Q13618 P04629 P38398 P0CG48 P12931
2767 P08887 P04637 Q14258 Q13618 P04629 P05412 P0CG48 P40763
2767 P08887 P04637 Q14258 Q13618 P04629 P38398 P0CG48 P40763
2765 Q9Y5B8 Q14258 P04637 Q13618 P04629 P05412 P0CG48 P23258
3935 Q9Y5B8 P04629 Q14258 P04637 P05412 P38398 P0CG48 P23258
2638 Q9Y5B8 Q14258 P04637 Q13618 P04629 P05412 P38398 P23258
2767 Q9Y5B8 Q14258 P04637 Q13618 P04629 P38398 P0CG48 P23258
3781 Q13618 Q9Y5B8 Q14258 P04637 P05412 P38398 P23258 P0CG48
2877 P04629 P04637 Q14258 Q8WUT4 Q99750 P05412 Q12906 P0CG48
2877 Q13618 P04637 Q14258 Q8WUT4 Q99750 P05412 Q12906 P0CG48
2876 P04629 Q14258 P04637 Q8WUT4 Q99750 P05412 Q01844 P0CG48
2876 Q13618 Q14258 P04637 Q8WUT4 Q99750 P05412 Q01844 P0CG48
2767 Q9BVG8 P04637 Q14258 P04629 Q13618 P05412 P0CG48 P05067
3781 P04629 Q9BVG8 P04637 Q14258 P38398 P05412 P05067 P0CG48
3935 Q9BVG8 Q13618 P04637 Q14258 P38398 P05412 P0CG48 P05067
2638 Q9BVG8 P04637 Q14258 P04629 Q13618 P38398 P05412 P05067
2765 Q9BVG8 P04637 Q14258 P04629 Q13618 P38398 P0CG48 P05067
2877 P04629 Q14258 P04637 Q9BVG8 Q6IQ23 P05412 P06748 P0CG48
2877 Q13618 Q14258 P04637 Q9BVG8 Q6IQ23 P05412 P06748 P0CG48
2767 Q9H4P4 P04637 Q14258 P04629 Q13618 P05412 P0CG48 P05067
3781 P04629 Q9H4P4 P04637 Q14258 P38398 P05412 P05067 P0CG48
3935 Q9H4P4 Q13618 P04637 Q14258 P38398 P05412 P0CG48 P05067
2638 Q9H4P4 P04637 Q14258 P04629 Q13618 P38398 P05412 P05067
2765 Q9H4P4 P04637 Q14258 P04629 Q13618 P38398 P0CG48 P05067
3782 P04629 Q8NBJ7 Q14258 P04637 P05412 P38398 P16104 P0CG48
3782 Q13618 Q8NBJ7 Q14258 P04637 P05412 P38398 P16104 P0CG48
3782 P04629 Q8NBJ7 Q14258 P04637 P05412 P38398 P16104 P63104
9563 P04637 P04629 Q14258 P25398 Q13618 P05412 P63104 P0CG48
9563 P04637 P04629 Q14258 P25398 Q13618 P38398 P63104 P0CG48
9281 Q13618 Q14258 P12931 P04637 P05412 P04629 P63104 P0CG48
9281 Q13618 Q14258 P12931 P04637 P38398 P04629 P63104 P0CG48
4476 P04629 O76024 P04637 Q14258 P05412 Q16659 P0CG48 P63104
4476 Q13618 O76024 P04637 Q14258 P05412 Q16659 P0CG48 P63104
3936 O75526 P04629 Q14258 P04637 P38398 P05412 P0CG48 Q92905
10388 Q14258 P04637 O75526 Q13618 Q92905 P38398 P05412 P0CG48
5311 Q14258 P04637 O75526 P04629 Q13618 Q92905 P38398 P0CG48
4292 P04629 Q9H0I9 P04637 Q14258 P05412 P37802 P49736 P0CG48
6558 Q9H0I9 Q13618 P05412 Q14258 P49736 P04629 P0CG48 P37802
1716 P04637 Q9H0I9 Q13618 Q14258 P49736 P04629 P37802 P0CG48
2767 P60409 P04637 Q14258 P04629 Q13618 P05412 P0CG48 P05067
3781 P04629 P60409 P04637 Q14258 P38398 P05412 P05067 P0CG48
3935 P60409 Q13618 P04637 Q14258 P38398 P05412 P0CG48 P05067
2638 P60409 P04637 Q14258 P04629 Q13618 P38398 P05412 P05067
2765 P60409 P04637 Q14258 P04629 Q13618 P38398 P0CG48 P05067
3936 Q04695 P04629 Q14258 P04637 P38398 P05412 P0CG48 Q92905
3936 Q04695 Q13618 Q14258 P04637 P38398 P05412 P0CG48 Q92905
7904 Q9Y5J1 P04637 Q13618 P04629 P05412 P0CG48 Q14258 O14980
7904 Q9Y5J1 P04637 Q13618 P04629 P38398 P0CG48 Q14258 O14980
2768 P56645 Q14258 P04637 Q13618 P04629 P05412 P0CG48 P49674
3936 P56645 P04629 Q14258 P04637 P38398 P05412 P0CG48 P49674
2638 P56645 Q14258 P04637 Q13618 P04629 P38398 P05412 P49674
3782 Q13618 P56645 Q14258 P04637 P38398 P05412 P49674 P0CG48
2766 P56645 Q14258 P04637 Q13618 P04629 P38398 P0CG48 P49674
8951 P04629 P04637 P60866 Q14258 P38398 P05412 Q13618 P0CG48
9563 P04637 P04629 Q14258 P60866 Q13618 P05412 P63104 P0CG48
9146 P04629 P60866 P04637 P38398 Q14258 P05412 P63104 P0CG48
11614 Q13618 P04637 Q14258 P38398 P05412 P60866 P63104 P0CG48
8936 P04629 P04637 P60866 Q14258 P38398 P05412 Q13618 P63104
9281 P04629 P04637 P60866 Q14258 P38398 Q13618 P63104 P0CG48
2767 Q9H1M0 P04637 Q14258 P04629 Q13618 P05412 P0CG48 P05067
3781 P04629 Q9H1M0 P04637 Q14258 P38398 P05412 P05067 P0CG48
3935 Q9H1M0 Q13618 P04637 Q14258 P38398 P05412 P0CG48 P05067
2638 Q9H1M0 P04637 Q14258 P04629 Q13618 P38398 P05412 P05067
2765 Q9H1M0 P04637 Q14258 P04629 Q13618 P38398 P0CG48 P05067
7293 P04629 P56749 P04637 P38398 P05412 Q14258 P0CG48 Q15717
7293 Q13618 P56749 P04637 P38398 P05412 Q14258 P0CG48 Q15717
2767 O95990 Q14258 P04637 P04629 Q13618 P05412 P0CG48 P60709
3781 P04629 O95990 Q14258 P04637 P38398 P05412 P60709 P0CG48
3935 O95990 Q13618 Q14258 P04637 P38398 P05412 P0CG48 P60709
2638 O95990 Q14258 P04637 P04629 Q13618 P38398 P05412 P60709
2765 O95990 Q14258 P04637 P04629 Q13618 P38398 P0CG48 P60709
1727 P04629 P04637 Q8N635 Q14258 P05067 O14556 P05412 P0CG48
2876 Q13618 P04637 Q14258 Q8N635 O14556 P05412 P05067 P0CG48
1329 P04637 Q14258 Q8N635 P04629 Q13618 O14556 P05067 P0CG48
8936 Q13618 P04637 O15084 Q14258 P05412 P38398 P04629 P0CG48
8936 Q13618 P04637 O15084 Q14258 P05412 P38398 P04629 P63104
3228 P04637 O43324 Q14258 Q13618 P04629 P49736 P0CG48 P05412
7944 O43324 Q13618 P04637 P38398 P04629 P0CG48 P49736 P05412
2877 O43324 P04637 Q14258 Q13618 P04629 P38398 P49736 P05412
4675 Q13618 O43324 P04637 Q14258 P38398 P49736 P05412 P0CG48
2768 O43324 P04637 Q14258 Q13618 P04629 P38398 P0CG48 P49736
4242 P04629 Q96JM3 Q14258 P04637 P38398 Q13526 P05412 P0CG48
4242 Q13618 Q96JM3 Q14258 P04637 P38398 Q13526 P05412 P0CG48
4242 P04629 Q96JM3 Q14258 P04637 P38398 Q13526 P05412 P63104
8936 P04629 P04637 P05067 Q14258 P38398 P05412 Q13618 P0CG48
9563 P04637 P04629 Q14258 P05067 Q13618 P05412 P0CG48 P63104
9146 P04629 P05067 P04637 P38398 Q14258 P05412 P0CG48 P63104
11614 Q13618 P04637 Q14258 P38398 P05412 P05067 P0CG48 P63104
8951 P04629 P04637 P05067 Q14258 P38398 P05412 Q13618 P63104
9281 P04629 P04637 P05067 Q14258 P38398 Q13618 P0CG48 P63104
7904 O95997 Q14258 Q13618 P04629 P05412 P0CG48 P04637 O14980
7904 O95997 Q14258 Q13618 P04629 P38398 P0CG48 P04637 O14980
5300 Q9Y566 P04629 P04637 Q14258 P38398 P0CG48 P05412 Q13813
5300 Q9Y566 Q13618 P04637 Q14258 P38398 P0CG48 P05412 Q13813
4476 P05412 P86479 Q13618 P00533 P04629 O43639 P63104 P0CG48
4476 P04637 P86479 Q13618 P00533 P04629 O43639 P63104 P0CG48
2877 P04629 P04637 Q14258 P86479 Q8IUQ4 P05412 P49736 P0CG48
1731 Q13618 P04637 P86479 Q14258 P49736 Q8IUQ4 P05412 P0CG48
1330 P04637 Q14258 P86479 Q13618 P04629 Q8IUQ4 P49736 P0CG48
2877 P04629 Q14258 P04637 P86479 Q8IUQ4 P05412 P06748 P0CG48
2877 Q13618 Q14258 P04637 P86479 Q8IUQ4 P05412 P06748 P0CG48
2768 Q8IUQ4 P04637 Q14258 Q13618 P04629 P05412 P0CG48 P49736
2768 Q8IUQ4 P04637 Q14258 Q13618 P04629 P38398 P0CG48 P49736
2768 Q9UHV9 P04637 Q14258 Q13618 P04629 P05412 P0CG48 P49736
2768 Q9UHV9 P04637 Q14258 Q13618 P04629 P38398 P0CG48 P49736
3782 P04629 Q9NPA3 Q14258 P04637 P38398 P05412 P49841 P0CG48
3782 Q13618 Q9NPA3 Q14258 P04637 P38398 P05412 P49841 P0CG48
3782 P04629 Q9NPA3 Q14258 P04637 P38398 P05412 P49841 P63104
2768 Q9UMX9 Q14258 P04637 Q13618 P04629 P05412 P0CG48 P0CG47
2768 Q9UMX9 Q14258 P04637 Q13618 P04629 P38398 P0CG48 P0CG47
2765 Q9Y2T6 Q13618 P00533 P05412 P38398 P04629 P0CG48 P17931
2765 Q9Y2T6 Q13618 P00533 P04637 P38398 P04629 P0CG48 P17931
4292 P04629 Q07001 Q14258 P04637 P05412 Q12772 Q92905 P0CG48
4292 Q13618 Q07001 Q14258 P04637 P05412 Q12772 Q92905 P0CG48
2767 Q6T4P5 P04637 Q14258 Q13618 P04629 P05412 P0CG48 Q9NRL3
3935 Q6T4P5 P04629 P04637 Q14258 P38398 P05412 P0CG48 Q9NRL3
2638 Q6T4P5 P04637 Q14258 Q13618 P04629 P38398 P05412 Q9NRL3
3781 Q13618 Q6T4P5 P04637 Q14258 P38398 P05412 Q9NRL3 P0CG48
2765 Q6T4P5 P04637 Q14258 Q13618 P04629 P38398 P0CG48 Q9NRL3
8936 P04629 P04637 Q15427 Q14258 P38398 P05412 Q13618 P0CG48
8936 P04629 P04637 Q15427 Q14258 P38398 P05412 Q13618 P63104
4225 O00744 P04637 Q13618 P49736 P04629 P05412 P0CG48 Q66LE6
1322 P04637 Q14258 O00744 Q13618 P04629 Q66LE6 P49736 P05412
6558 O00744 Q13618 Q14258 P05412 P49736 P04629 P0CG48 Q66LE6
1787 Q13618 P04637 O00744 Q14258 P49736 Q66LE6 P05412 P0CG48
1330 P04637 Q14258 O00744 Q13618 P04629 Q66LE6 P49736 P0CG48
2765 O00744 P04637 Q14258 Q13618 P04629 P05412 P0CG48 O75170
2765 O00744 P04637 Q14258 Q13618 P04629 P38398 P0CG48 O75170
3935 Q96FV9 P04629 Q14258 P04637 P38398 P05412 P0CG48 Q13573
3935 Q96FV9 Q13618 Q14258 P04637 P38398 P05412 P0CG48 Q13573
3935 Q96QD9 P04629 Q14258 P04637 P38398 P05412 P0CG48 Q13573
3935 Q96QD9 Q13618 Q14258 P04637 P38398 P05412 P0CG48 Q13573
2766 Q3LI72 P04637 Q14258 Q13618 P04629 P05412 P0CG48 P25788
2766 Q3LI72 P04637 Q14258 Q13618 P04629 P38398 P0CG48 P25788
8936 P04629 P04637 P63173 Q14258 P38398 P05412 Q13618 P0CG48
8936 P04629 P04637 P63173 Q14258 P38398 P05412 Q13618 P63104
2767 Q9NP64 P04637 Q14258 P04629 Q13618 P05412 P0CG48 P05067
3781 P04629 Q9NP64 P04637 Q14258 P38398 P05412 P05067 P0CG48
3935 Q9NP64 Q13618 P04637 Q14258 P38398 P05412 P0CG48 P05067
2638 Q9NP64 P04637 Q14258 P04629 Q13618 P38398 P05412 P05067
2765 Q9NP64 P04637 Q14258 P04629 Q13618 P38398 P0CG48 P05067
2768 Q9NP64 Q14258 P04637 Q13618 P04629 P05412 P0CG48 P68400
2768 Q9NP64 Q14258 P04637 Q13618 P04629 P38398 P0CG48 P68400
5096 P04637 Q14258 P35908 P04629 Q13618 P49736 P05412 P0CG48
5096 P04637 Q14258 P35908 P04629 Q13618 P49736 P38398 P0CG48
7293 P04629 Q96A54 P04637 P38398 P05412 Q14258 P0CG48 Q15717
7293 Q13618 Q96A54 P04637 P38398 P05412 Q14258 P0CG48 Q15717
3936 P40259 P04629 Q14258 P04637 P38398 P05412 P0CG48 Q71U36
3936 P40259 Q13618 Q14258 P04637 P38398 P05412 P0CG48 Q71U36
8936 P04629 P04637 P16989 Q14258 P38398 P05412 Q13618 P0CG48
8936 P04629 P04637 P16989 Q14258 P38398 P05412 Q13618 P63104
2766 Q5RL73 Q14258 P04637 P04629 Q13618 P05412 P0CG48 P15927
2766 Q5RL73 Q14258 P04637 P04629 Q13618 P38398 P0CG48 P15927
2881 P04629 Q14258 P04637 Q99963 O60260 P05412 P06748 P0CG48
2881 Q13618 Q14258 P04637 Q99963 O60260 P05412 P06748 P0CG48
2767 Q8N3Z3 P04637 Q14258 P04629 Q13618 P05412 P0CG48 P05067
3781 P04629 Q8N3Z3 P04637 Q14258 P38398 P05412 P05067 P0CG48
3935 Q8N3Z3 Q13618 P04637 Q14258 P38398 P05412 P0CG48 P05067
2638 Q8N3Z3 P04637 Q14258 P04629 Q13618 P38398 P05412 P05067
2765 Q8N3Z3 P04637 Q14258 P04629 Q13618 P38398 P0CG48 P05067
8936 Q13618 P04637 Q9NY93 Q14258 P38398 P05412 P04629 P0CG48
8936 Q13618 P04637 Q9NY93 Q14258 P38398 P05412 P04629 P63104
7293 P04629 Q7KZN9 P04637 P38398 P05412 Q14258 P0CG48 Q15717
7293 Q13618 Q7KZN9 P04637 P38398 P05412 Q14258 P0CG48 Q15717
6680 P04637 P04629 Q9H9L4 Q14258 P05067 Q13618 P05412 P0CG48
6431 P04629 Q9H9L4 P04637 P38398 P05412 P05067 Q14258 P0CG48
7280 Q13618 Q9H9L4 P04637 P38398 P05412 Q14258 P0CG48 P05067
6253 Q9H9L4 P04629 P04637 P38398 P05412 Q13618 P05067 Q14258
7922 Q9H9L4 P04629 P38398 P05412 Q13618 P0CG48 P05067 Q14258
6628 P04629 P04637 Q9H9L4 P05067 Q14258 P38398 Q13618 P0CG48
8936 Q13618 P04637 O95573 Q14258 P38398 P05412 P04629 P0CG48
8936 Q13618 P04637 O95573 Q14258 P38398 P05412 P04629 P63104
2766 Q96RY7 Q14258 P04637 Q13618 P04629 P05412 P0CG48 P46108
2766 Q96RY7 Q14258 P04637 Q13618 P04629 P38398 P0CG48 P46108
2766 Q8WVE0 P04637 Q14258 P04629 Q13618 P05412 P0CG48 Q05639
2766 Q8WVE0 P04637 Q14258 P04629 Q13618 P38398 P0CG48 Q05639
2767 Q9P1Z2 P04637 Q14258 P04629 Q13618 P05412 P0CG48 P05067
3781 P04629 Q9P1Z2 P04637 Q14258 P38398 P05412 P05067 P0CG48
3935 Q9P1Z2 Q13618 P04637 Q14258 P38398 P05412 P0CG48 P05067
2638 Q9P1Z2 P04637 Q14258 P04629 Q13618 P38398 P05412 P05067
2765 Q9P1Z2 P04637 Q14258 P04629 Q13618 P38398 P0CG48 P05067
5096 P04637 Q14258 P13647 P04629 Q13618 P49736 P05412 P0CG48
5096 P04637 Q14258 P13647 P04629 Q13618 P49736 P38398 P0CG48
9281 Q13618 P04637 P27448 Q14258 P05412 P04629 P0CG48 P63104
9281 Q13618 P04637 P27448 Q14258 P38398 P04629 P0CG48 P63104
2877 P04629 Q14258 P04637 Q9UHP9 P58062 P05412 P0CG47 P0CG48
1731 Q13618 Q14258 Q9UHP9 P04637 P0CG47 P58062 P05412 P0CG48
1330 Q14258 P04637 Q9UHP9 Q13618 P04629 P58062 P0CG47 P0CG48
1639 P04629 Q9UHP9 P04637 Q13490 Q14258 P05412 P58062 P0CG48
1639 Q13618 Q9UHP9 P04637 Q13490 Q14258 P05412 P58062 P0CG48
7899 O43663 P04637 Q13618 P04629 P05412 P0CG48 Q14258 P24941
7290 P04629 O43663 P04637 P05412 P38398 Q14258 P0CG48 P24941
6289 O43663 Q13618 P04637 P05412 P38398 P04629 Q14258 P24941
7903 O43663 P04637 Q13618 P04629 P38398 P0CG48 Q14258 P24941
7921 O43663 Q13618 P05412 P38398 P04629 P0CG48 P24941 Q14258
7041 Q13618 O43663 P05412 P04637 P38398 P24941 Q14258 P0CG48
3935 P35900 P04629 Q14258 P04637 P38398 P05412 P0CG48 P08670
3935 P35900 Q13618 Q14258 P04637 P38398 P05412 P0CG48 P08670
4476 P04629 P43026 P04637 Q14258 P05412 Q9Y446 P0CG48 P63104
4476 Q13618 P43026 P04637 Q14258 P05412 Q9Y446 P0CG48 P63104
3935 Q8IZF4 P04629 P04637 Q14258 P38398 P05412 P0CG48 P78362
3935 Q8IZF4 Q13618 P04637 Q14258 P38398 P05412 P0CG48 P78362
3935 Q8IZF4 P04629 P04637 Q14258 P38398 P05412 P0CG48 P27824
3935 Q8IZF4 Q13618 P04637 Q14258 P38398 P05412 P0CG48 P27824
3228 P04637 Q9UQ88 Q14258 Q13618 P04629 P49736 P0CG48 P05412
7944 Q9UQ88 Q13618 P04637 P38398 P04629 P0CG48 P49736 P05412
2877 Q9UQ88 P04637 Q14258 Q13618 P04629 P38398 P49736 P05412
4675 Q13618 Q9UQ88 P04637 Q14258 P38398 P49736 P05412 P0CG48
2768 Q9UQ88 P04637 Q14258 Q13618 P04629 P38398 P0CG48 P49736
2767 Q969Q4 Q14258 P04637 P04629 Q13618 P05412 P0CG48 Q12824
2767 Q969Q4 Q14258 P04637 P04629 Q13618 P38398 P0CG48 Q12824
2765 Q969Q4 Q13618 P00533 P05412 P38398 P04629 P0CG48 O60674
2765 Q969Q4 Q13618 P00533 P04637 P38398 P04629 P0CG48 O60674
3935 P51151 P04629 Q14258 P04637 P38398 P05412 P0CG48 Q13573
3935 P51151 Q13618 Q14258 P04637 P38398 P05412 P0CG48 Q13573
2877 P04629 Q14258 P04637 Q9H6L2 Q9NRD1 P05412 P06748 P0CG48
2877 Q13618 Q14258 P04637 Q9H6L2 Q9NRD1 P05412 P06748 P0CG48
8936 Q13618 P04637 Q9Y4W6 Q14258 P38398 P05412 P04629 P0CG48
8936 Q13618 P04637 Q9Y4W6 Q14258 P38398 P05412 P04629 P63104
2420 O43193 P07550 P05412 Q13618 P04629 P63104 P0CG48 Q5JY77
2420 O43193 P07550 P04637 Q13618 P04629 P63104 P0CG48 Q5JY77
2845 P04629 P04637 Q14258 O43193 Q9UBU3 P05412 Q9UMX0 P0CG48
1330 P04637 Q14258 O43193 Q13618 P04629 Q9UBU3 Q9UMX0 P0CG48
1639 Q13618 O43193 P04637 Q9UMX0 Q14258 P05412 Q9UBU3 P0CG48
1627 P04629 O43193 P04637 P43115 Q15287 P05412 Q9UBU3 P0CG48
1627 P04629 O43193 Q14258 P43115 Q15287 P05412 Q9UBU3 P0CG48
2300 O43193 P43115 P05412 P04629 Q13618 P0CG48 Q15287 Q9UBU3
2300 O43193 P43115 Q13618 P04637 P05412 P0CG48 Q15287 Q9UBU3
1627 P04637 O43193 P04629 P43115 Q15287 Q13618 Q9UBU3 P0CG48
1329 P05412 P07550 P12872 Q13618 P04629 O43193 Q5JY77 P0CG48
1329 P04637 P07550 P12872 Q13618 P04629 O43193 Q5JY77 P0CG48
1309 P05412 P07550 P12872 Q13618 P04629 O43193 Q5JY77 P63104
1309 P04637 P07550 P12872 Q13618 P04629 O43193 Q5JY77 P63104
2348 P12872 Q9UBU3 P04629 P05412 Q14258 P0CG48 Q9UMX0 O43193
3783 P12872 Q9UBU3 P04637 Q14258 P05412 P0CG48 Q9UMX0 O43193
1276 P05412 P12872 P43115 P04629 Q13618 Q9UBU3 O43193 Q15287
1276 Q13618 P12872 P43115 P04637 P05412 Q9UBU3 O43193 Q15287
8936 Q13618 Q14258 Q16643 P04637 P38398 P05412 P04629 P0CG48
8936 Q13618 Q14258 Q16643 P04637 P38398 P05412 P04629 P63104
3208 P04637 Q8NDD1 Q14258 P04629 Q13618 P05067 P0CG48 P05412
4242 P04629 Q8NDD1 P04637 Q14258 P38398 P05067 P05412 P0CG48
5297 Q8NDD1 Q13618 P04637 Q14258 P38398 P0CG48 P05412 P05067
2845 Q8NDD1 P04637 Q14258 P04629 Q13618 P38398 P05067 P05412
7922 Q8NDD1 P04629 P38398 Q14258 Q13618 P0CG48 P05067 P05412
7922 Q8NDD1 P04629 P38398 Q14258 Q13618 P0CG48 P05067 P05
